SonarQube plugins:
  - Python Code Quality and Security 2.13.0.7236 (python)
  - SonarCSS 1.2.0.1325 (cssfamily)
  - JaCoCo 1.1.0.898 (jacoco)
  - SonarGo 1.6.0.719 (go)
  - SonarKotlin 1.5.0.315 (kotlin)
  - Svn 1.10.0.1917 (scmsvn)
  - SonarJS 6.2.1.12157 (javascript)
  - SonarRuby 1.5.0.315 (ruby)
  - SonarScala 1.5.0.315 (sonarscala)
  - C# Code Quality and Security 8.9.0.19135 (csharp)
  - Java Code Quality and Security 6.5.1.22586 (java)
  - SonarHTML 3.2.0.2082 (web)
  - Git 1.12.0.2034 (scmgit)
  - SonarFlex 2.5.1.1831 (flex)
  - SonarXML 2.0.1.2020 (xml)
  - PHP Code Quality and Security 3.5.0.5655 (php)
  - SonarTS 2.1.0.4359 (typescript)
  - VB.NET Code Quality and Security 8.9.0.19135 (vbnet)
Global server settings:
  - sonar.core.id=BF41A1F2-AXP4a7blYGN9Xb29wfXp
  - sonar.core.startTime=2020-09-29T16:56:01+0530
Project server settings:
Project scanner properties:
  - sonar.binaries=F:\sts\sonar\MavenSonarInPOM\target\classes
  - sonar.groovy.binaries=F:\sts\sonar\MavenSonarInPOM\target\classes
  - sonar.host.url=http://localhost:9000
  - sonar.java.binaries=F:\sts\sonar\MavenSonarInPOM\target\classes
  - sonar.java.libraries=C:\Users\Chaya Nikam\.m2\repository\org\sonarsource\scanner\maven\sonar-maven-plugin\3.2\sonar-maven-plugin-3.2.jar,C:\Users\Chaya Nikam\.m2\repository\org\apache\maven\shared\maven-dependency-tree\2.2\maven-dependency-tree-2.2.jar,C:\Users\Chaya Nikam\.m2\repository\org\codehaus\plexus\plexus-component-annotations\1.5.5\plexus-component-annotations-1.5.5.jar,C:\Users\Chaya Nikam\.m2\repository\org\eclipse\aether\aether-util\0.9.0.M2\aether-util-0.9.0.M2.jar,C:\Users\Chaya Nikam\.m2\repository\org\sonatype\plexus\plexus-sec-dispatcher\1.4\plexus-sec-dispatcher-1.4.jar,C:\Users\Chaya Nikam\.m2\repository\org\sonatype\plexus\plexus-cipher\1.4\plexus-cipher-1.4.jar,C:\Users\Chaya Nikam\.m2\repository\org\codehaus\plexus\plexus-utils\3.0.22\plexus-utils-3.0.22.jar,C:\Users\Chaya Nikam\.m2\repository\org\sonarsource\scanner\api\sonar-scanner-api\2.8\sonar-scanner-api-2.8.jar,C:\Users\Chaya Nikam\.m2\repository\commons-lang\commons-lang\2.6\commons-lang-2.6.jar,C:\Users\Chaya Nikam\.m2\re...
  - sonar.java.source=11
  - sonar.java.target=11
  - sonar.java.test.binaries=F:\sts\sonar\MavenSonarInPOM\target\test-classes
  - sonar.java.test.libraries=F:\sts\sonar\MavenSonarInPOM\target\classes,C:\Users\Chaya Nikam\.m2\repository\junit\junit\3.8.1\junit-3.8.1.jar,C:\Users\Chaya Nikam\.m2\repository\org\sonarsource\scanner\maven\sonar-maven-plugin\3.2\sonar-maven-plugin-3.2.jar,C:\Users\Chaya Nikam\.m2\repository\org\apache\maven\shared\maven-dependency-tree\2.2\maven-dependency-tree-2.2.jar,C:\Users\Chaya Nikam\.m2\repository\org\codehaus\plexus\plexus-component-annotations\1.5.5\plexus-component-annotations-1.5.5.jar,C:\Users\Chaya Nikam\.m2\repository\org\eclipse\aether\aether-util\0.9.0.M2\aether-util-0.9.0.M2.jar,C:\Users\Chaya Nikam\.m2\repository\org\sonatype\plexus\plexus-sec-dispatcher\1.4\plexus-sec-dispatcher-1.4.jar,C:\Users\Chaya Nikam\.m2\repository\org\sonatype\plexus\plexus-cipher\1.4\plexus-cipher-1.4.jar,C:\Users\Chaya Nikam\.m2\repository\org\codehaus\plexus\plexus-utils\3.0.22\plexus-utils-3.0.22.jar,C:\Users\Chaya Nikam\.m2\repository\org\sonarsource\scanner\api\sonar-scanner-api\2.8\sonar-scanner-api-2.8.jar,...
  - sonar.junit.reportPaths=F:\sts\sonar\MavenSonarInPOM\target\surefire-reports
  - sonar.junit.reportsPath=F:\sts\sonar\MavenSonarInPOM\target\surefire-reports
  - sonar.libraries=C:\Users\Chaya Nikam\.m2\repository\org\sonarsource\scanner\maven\sonar-maven-plugin\3.2\sonar-maven-plugin-3.2.jar,C:\Users\Chaya Nikam\.m2\repository\org\apache\maven\shared\maven-dependency-tree\2.2\maven-dependency-tree-2.2.jar,C:\Users\Chaya Nikam\.m2\repository\org\codehaus\plexus\plexus-component-annotations\1.5.5\plexus-component-annotations-1.5.5.jar,C:\Users\Chaya Nikam\.m2\repository\org\eclipse\aether\aether-util\0.9.0.M2\aether-util-0.9.0.M2.jar,C:\Users\Chaya Nikam\.m2\repository\org\sonatype\plexus\plexus-sec-dispatcher\1.4\plexus-sec-dispatcher-1.4.jar,C:\Users\Chaya Nikam\.m2\repository\org\sonatype\plexus\plexus-cipher\1.4\plexus-cipher-1.4.jar,C:\Users\Chaya Nikam\.m2\repository\org\codehaus\plexus\plexus-utils\3.0.22\plexus-utils-3.0.22.jar,C:\Users\Chaya Nikam\.m2\repository\org\sonarsource\scanner\api\sonar-scanner-api\2.8\sonar-scanner-api-2.8.jar,C:\Users\Chaya Nikam\.m2\repository\commons-lang\commons-lang\2.6\commons-lang-2.6.jar,C:\Users\Chaya Nikam\.m2\re...
  - sonar.links.ci=
  - sonar.links.homepage=http://maven.apache.org
  - sonar.links.issue=
  - sonar.links.scm=
  - sonar.links.scm_dev=
  - sonar.moduleKey=com.myapp:MavenSonarInPOM
  - sonar.projectBaseDir=F:\sts\sonar\MavenSonarInPOM
  - sonar.projectBuildDir=F:\sts\sonar\MavenSonarInPOM\target
  - sonar.projectKey=com.myapp:MavenSonarInPOM
  - sonar.projectName=MavenSonarInPOM
  - sonar.projectVersion=0.0.1-SNAPSHOT
  - sonar.scanner.app=ScannerMaven
  - sonar.scanner.appVersion=3.7.0.1746/3.6.3
  - sonar.sourceEncoding=UTF-8
  - sonar.sources=F:\sts\sonar\MavenSonarInPOM\pom.xml,F:\sts\sonar\MavenSonarInPOM\src\main\java
  - sonar.tests=F:\sts\sonar\MavenSonarInPOM\src\test\java
  - sonar.working.directory=F:\sts\sonar\MavenSonarInPOM\target\sonar
